./network_bytes.sh: line 6: ifconfig: command not found
./network_bytes.sh: line 6: ifconfig: command not found
./network_bytes.sh: line 6: ifconfig: command not found
./network_bytes.sh: line 6: ifconfig: command not found
Object "eth0" is unknown, try "ip help".
Object "wlan0" is unknown, try "ip help".
./network_bytes.sh: line 6: ifconfig: command not found
./network_bytes.sh: line 6: ifconfig: command not found
Device "lo
eth0
wlan0" does not exist.
Device "lo
eth0
wlan0" does not exist.
Device "lo
eth0
wlan0" does not exist.
Device "lo
eth0
wlan0" does not exist.
Device "lo
eth0
wlan0" does not exist.
Device "lo
eth0
wlan0" does not exist.
Device "lo
eth0
wlan0" does not exist.
Device "lo
eth0
wlan0" does not exist.
Device "lo
eth0
wlan0" does not exist.
Device "lo
eth0
wlan0" does not exist.
./network_bytes.sh: line 4: ifconfig: command not found
./network_bytes.sh: line 7: ifconfig: command not found
./network_bytes.sh: line 7: ifconfig: command not found
./network_bytes.sh: line 7: ifconfig: command not found
./network_bytes.sh: line 7: ifconfig: command not found
./network_bytes.sh: line 7: ifconfig: command not found
./network_bytes.sh: line 7: ifconfig: command not found
./network_bytes.sh: line 7: ifconfig: command not found
./network_bytes.sh: line 7: ifconfig: command not found
./network_bytes.sh: line 7: ifconfig: command not found
./network_bytes.sh: line 7: ifconfig: command not found
./network_bytes.sh: line 7: ifconfig: command not found
./network_bytes.sh: line 7: ifconfig: command not found
./network_bytes.sh: line 7: ifconfig: command not found
./network_bytes.sh: line 7: ifconfig: command not found
./network_bytes.sh: line 9: ifconfig: command not found
./network_bytes.sh: line 9: ifconfig: command not found
./network_bytes.sh: line 9: ifconfig: command not found
./network_bytes.sh: line 9: ifconfig: command not found
./network_bytes.sh: line 9: ifconfig: command not found
./network_bytes.sh: line 9: ifconfig: command not found
./network_bytes.sh: line 7: ifconfig: command not found
./network_bytes.sh: line 7: ifconfig: command not found
./network_bytes.sh: line 7: ifconfig: command not found
./network_bytes.sh: line 7: ifconfig: command not found
./network_bytes.sh: line 7: ifconfig: command not found
./network_bytes.sh: line 7: ifconfig: command not found
./network_bytes.sh: line 7: ifconfig: command not found
./network_bytes.sh: line 7: ifconfig: command not found
./network_bytes.sh: line 7: ifconfig: command not found
./network_bytes.sh: line 7: ifconfig: command not found
./network_bytes.sh: line 7: ifconfig: command not found
./network_bytes.sh: line 13: ifconfig: command not found
./network_bytes.sh: line 14: ifconfig: command not found
./network_bytes.sh: line 13: ifconfig: command not found
./network_bytes.sh: line 14: ifconfig: command not found
./network_bytes.sh: line 13: ifconfig: command not found
./network_bytes.sh: line 14: ifconfig: command not found
./network_bytes.sh: line 9: ifconfig: command not found
./network_bytes.sh: line 9: ifconfig: command not found
./network_bytes.sh: line 9: ifconfig: command not found
./network_bytes.sh: line 10: ifconfig: command not found
./network_bytes.sh: line 10: ifconfig: command not found
./network_bytes.sh: line 10: ifconfig: command not found
./network_bytes.sh: line 11: ifconfig: command not found
./network_bytes.sh: line 13: ifconfig: command not found
./network_bytes.sh: line 14: ifconfig: command not found
./network_bytes.sh: line 13: ifconfig: command not found
./network_bytes.sh: line 14: ifconfig: command not found
./network_bytes.sh: line 13: ifconfig: command not found
./network_bytes.sh: line 14: ifconfig: command not found
./network_bytes.sh: line 13: ifconfig: command not found
./network_bytes.sh: line 14: ifconfig: command not found
./network_bytes.sh: line 13: ifconfig: command not found
./network_bytes.sh: line 14: ifconfig: command not found
./network_bytes.sh: line 13: ifconfig: command not found
./network_bytes.sh: line 14: ifconfig: command not found
./network_bytes.sh: line 13: ifconfig: command not found
./network_bytes.sh: line 14: ifconfig: command not found
./network_bytes.sh: line 13: ifconfig: command not found
./network_bytes.sh: line 14: ifconfig: command not found
./network_bytes.sh: line 13: ifconfig: command not found
./network_bytes.sh: line 14: ifconfig: command not found
./network_bytes.sh: line 13: ifconfig: command not found
./network_bytes.sh: line 14: ifconfig: command not found
./network_bytes.sh: line 6: ifconfig: command not found
./network_bytes.sh: line 6: ifconfig: command not found
./network_bytes.sh: line 8: ifconfig: command not found
./network_bytes.sh: line 9: ifconfig: command not found
